<?xml version="1.0" encoding="UTF-8"?>
<!-- Generated by org.testng.reporters.JUnitXMLReporter -->
<testsuite hostname="Averrie-PC" name="Default test" tests="6" failures="0" timestamp="31 Mar 2016 18:44:35 GMT" time="31.105" errors="0">
  <testcase name="launchSite" time="0.01" classname="testSuitePackage.testSuite"/>
  <testcase name="wolframDevelopmentPlatform" time="2.03" classname="testSuitePackage.testSuite"/>
  <testcase name="createAccount" time="22.078" classname="testSuitePackage.testSuite"/>
  <testcase name="dropDownMenu" time="0.024" classname="testSuitePackage.testSuite"/>
  <testcase name="createNotebook" time="3.268" classname="testSuitePackage.testSuite"/>
  <testcase name="assertFileExtension" time="0.11" classname="testSuitePackage.testSuite"/>
</testsuite> <!-- Default test -->
